# JRE version: OpenJDK Runtime Environment (8.0_242-b01) (build 1.8.0_242-release-1644-b01)
# Java VM: OpenJDK 64-Bit Server VM (25.242-b01 mixed mode windows-amd64 compressed oops)
Heap:
 PSYoungGen      total 625664K, used 432878K [0x00000000d5580000, 0x00000000ffe80000, 0x0000000100000000)
  eden space 560640K, 75% used [0x00000000d5580000,0x00000000ef0b2cf0,0x00000000f7900000)
  from space 65024K, 18% used [0x00000000f7900000,0x00000000f8488bb8,0x00000000fb880000)
  to   space 62976K, 0% used [0x00000000fc100000,0x00000000fc100000,0x00000000ffe80000)
 ParOldGen       total 586752K, used 354289K [0x0000000080000000, 0x00000000a3d00000, 0x00000000d5580000)
  object space 586752K, 60% used [0x0000000080000000,0x00000000959fc7d8,0x00000000a3d00000)
 Metaspace       used 115653K, capacity 121924K, committed 123520K, reserved 1157120K
  class space    used 14675K, capacity 15813K, committed 16256K, reserved 1048576K
GC Heap History (10 events):
Event: 2917.204 GC heap before
{Heap before GC invocations=45 (full 5):
 PSYoungGen      total 609280K, used 545462K [0x00000000d5580000, 0x0000000100000000, 0x0000000100000000)
  eden space 533504K, 100% used [0x00000000d5580000,0x00000000f5e80000,0x00000000f5e80000)
  from space 75776K, 15% used [0x00000000f5e80000,0x00000000f6a2da80,0x00000000fa880000)
  to   space 73728K, 0% used [0x00000000fb800000,0x00000000fb800000,0x0000000100000000)
 ParOldGen       total 499712K, used 454957K [0x0000000080000000, 0x000000009e800000, 0x00000000d5580000)
  object space 499712K, 91% used [0x0000000080000000,0x000000009bc4b770,0x000000009e800000)
 Metaspace       used 115497K, capacity 121740K, committed 123392K, reserved 1157120K
  class space    used 14650K, capacity 15775K, committed 16128K, reserved 1048576K
Event: 2917.225 GC heap after
Heap after GC invocations=45 (full 5):
 PSYoungGen      total 615936K, used 14456K [0x00000000d5580000, 0x00000000ff900000, 0x0000000100000000)
  eden space 549376K, 0% used [0x00000000d5580000,0x00000000d5580000,0x00000000f6e00000)
  from space 66560K, 21% used [0x00000000fb800000,0x00000000fc61e320,0x00000000ff900000)
  to   space 71168K, 0% used [0x00000000f6e00000,0x00000000f6e00000,0x00000000fb380000)
 ParOldGen       total 499712K, used 461677K [0x0000000080000000, 0x000000009e800000, 0x00000000d5580000)
  object space 499712K, 92% used [0x0000000080000000,0x000000009c2db528,0x000000009e800000)
 Metaspace       used 115497K, capacity 121740K, committed 123392K, reserved 1157120K
  class space    used 14650K, capacity 15775K, committed 16128K, reserved 1048576K
}
Event: 2917.225 GC heap before
{Heap before GC invocations=46 (full 6):
 PSYoungGen      total 615936K, used 14456K [0x00000000d5580000, 0x00000000ff900000, 0x0000000100000000)
  eden space 549376K, 0% used [0x00000000d5580000,0x00000000d5580000,0x00000000f6e00000)
  from space 66560K, 21% used [0x00000000fb800000,0x00000000fc61e320,0x00000000ff900000)
  to   space 71168K, 0% used [0x00000000f6e00000,0x00000000f6e00000,0x00000000fb380000)
 ParOldGen       total 499712K, used 461677K [0x0000000080000000, 0x000000009e800000, 0x00000000d5580000)
  object space 499712K, 92% used [0x0000000080000000,0x000000009c2db528,0x000000009e800000)
 Metaspace       used 115497K, capacity 121740K, committed 123392K, reserved 1157120K
  class space    used 14650K, capacity 15775K, committed 16128K, reserved 1048576K
Event: 2917.876 GC heap after
Heap after GC invocations=46 (full 6):
 PSYoungGen      total 615936K, used 0K [0x00000000d5580000, 0x00000000ff900000, 0x0000000100000000)
  eden space 549376K, 0% used [0x00000000d5580000,0x00000000d5580000,0x00000000f6e00000)
  from space 66560K, 0% used [0x00000000fb800000,0x00000000fb800000,0x00000000ff900000)
  to   space 71168K, 0% used [0x00000000f6e00000,0x00000000f6e00000,0x00000000fb380000)
 ParOldGen       total 586752K, used 328716K [0x0000000080000000, 0x00000000a3d00000, 0x00000000d5580000)
  object space 586752K, 56% used [0x0000000080000000,0x0000000094103120,0x00000000a3d00000)
 Metaspace       used 115497K, capacity 121740K, committed 123392K, reserved 1157120K
  class space    used 14650K, capacity 15775K, committed 16128K, reserved 1048576K
}
Event: 2918.408 GC heap before
{Heap before GC invocations=47 (full 6):
 PSYoungGen      total 615936K, used 549376K [0x00000000d5580000, 0x00000000ff900000, 0x0000000100000000)
  eden space 549376K, 100% used [0x00000000d5580000,0x00000000f6e00000,0x00000000f6e00000)
  from space 66560K, 0% used [0x00000000fb800000,0x00000000fb800000,0x00000000ff900000)
  to   space 71168K, 0% used [0x00000000f6e00000,0x00000000f6e00000,0x00000000fb380000)
 ParOldGen       total 586752K, used 328716K [0x0000000080000000, 0x00000000a3d00000, 0x00000000d5580000)
  object space 586752K, 56% used [0x0000000080000000,0x0000000094103120,0x00000000a3d00000)
 Metaspace       used 115504K, capacity 121746K, committed 123392K, reserved 1157120K
  class space    used 14651K, capacity 15776K, committed 16128K, reserved 1048576K
Event: 2918.431 GC heap after
Heap after GC invocations=47 (full 6):
 PSYoungGen      total 620544K, used 20185K [0x00000000d5580000, 0x00000000ffc80000, 0x0000000100000000)
  eden space 549376K, 0% used [0x00000000d5580000,0x00000000d5580000,0x00000000f6e00000)
  from space 71168K, 28% used [0x00000000f6e00000,0x00000000f81b6460,0x00000000fb380000)
  to   space 67072K, 0% used [0x00000000fbb00000,0x00000000fbb00000,0x00000000ffc80000)
 ParOldGen       total 586752K, used 328716K [0x0000000080000000, 0x00000000a3d00000, 0x00000000d5580000)
  object space 586752K, 56% used [0x0000000080000000,0x0000000094103120,0x00000000a3d00000)
 Metaspace       used 115504K, capacity 121746K, committed 123392K, reserved 1157120K
  class space    used 14651K, capacity 15776K, committed 16128K, reserved 1048576K
}
Event: 2918.820 GC heap before
{Heap before GC invocations=48 (full 6):
 PSYoungGen      total 620544K, used 569561K [0x00000000d5580000, 0x00000000ffc80000, 0x0000000100000000)
  eden space 549376K, 100% used [0x00000000d5580000,0x00000000f6e00000,0x00000000f6e00000)
  from space 71168K, 28% used [0x00000000f6e00000,0x00000000f81b6460,0x00000000fb380000)
  to   space 67072K, 0% used [0x00000000fbb00000,0x00000000fbb00000,0x00000000ffc80000)
 ParOldGen       total 586752K, used 328716K [0x0000000080000000, 0x00000000a3d00000, 0x00000000d5580000)
  object space 586752K, 56% used [0x0000000080000000,0x0000000094103120,0x00000000a3d00000)
 Metaspace       used 115515K, capacity 121746K, committed 123392K, reserved 1157120K
  class space    used 14652K, capacity 15776K, committed 16128K, reserved 1048576K
Event: 2918.842 GC heap after
Heap after GC invocations=48 (full 6):
 PSYoungGen      total 623104K, used 11741K [0x00000000d5580000, 0x00000000ff800000, 0x0000000100000000)
  eden space 560640K, 0% used [0x00000000d5580000,0x00000000d5580000,0x00000000f7900000)
  from space 62464K, 18% used [0x00000000fbb00000,0x00000000fc677558,0x00000000ff800000)
  to   space 65024K, 0% used [0x00000000f7900000,0x00000000f7900000,0x00000000fb880000)
 ParOldGen       total 586752K, used 345974K [0x0000000080000000, 0x00000000a3d00000, 0x00000000d5580000)
  object space 586752K, 58% used [0x0000000080000000,0x00000000951dd990,0x00000000a3d00000)
 Metaspace       used 115515K, capacity 121746K, committed 123392K, reserved 1157120K
  class space    used 14652K, capacity 15776K, committed 16128K, reserved 1048576K
}
Event: 2919.328 GC heap before
{Heap before GC invocations=49 (full 6):
 PSYoungGen      total 623104K, used 572381K [0x00000000d5580000, 0x00000000ff800000, 0x0000000100000000)
  eden space 560640K, 100% used [0x00000000d5580000,0x00000000f7900000,0x00000000f7900000)
  from space 62464K, 18% used [0x00000000fbb00000,0x00000000fc677558,0x00000000ff800000)
  to   space 65024K, 0% used [0x00000000f7900000,0x00000000f7900000,0x00000000fb880000)
 ParOldGen       total 586752K, used 345974K [0x0000000080000000, 0x00000000a3d00000, 0x00000000d5580000)
  object space 586752K, 58% used [0x0000000080000000,0x00000000951dd990,0x00000000a3d00000)
 Metaspace       used 115523K, capacity 121748K, committed 123392K, reserved 1157120K
  class space    used 14654K, capacity 15777K, committed 16128K, reserved 1048576K
Event: 2919.353 GC heap after
Heap after GC invocations=49 (full 6):
 PSYoungGen      total 625664K, used 11810K [0x00000000d5580000, 0x00000000ffe80000, 0x0000000100000000)
  eden space 560640K, 0% used [0x00000000d5580000,0x00000000d5580000,0x00000000f7900000)
  from space 65024K, 18% used [0x00000000f7900000,0x00000000f8488bb8,0x00000000fb880000)
  to   space 62976K, 0% used [0x00000000fc100000,0x00000000fc100000,0x00000000ffe80000)
 ParOldGen       total 586752K, used 354289K [0x0000000080000000, 0x00000000a3d00000, 0x00000000d5580000)
  object space 586752K, 60% used [0x0000000080000000,0x00000000959fc7d8,0x00000000a3d00000)
 Metaspace       used 115523K, capacity 121748K, committed 123392K, reserved 1157120K
  class space    used 14654K, capacity 15777K, committed 16128K, reserved 1048576K
}

